<?xml version="1.0" encoding="UTF-8"?>
<!-- Generated by org.testng.reporters.JUnitReportReporter -->
<testsuite hostname="DESKTOP-R9M8R8C" failures="0" tests="1" name="com.oc.qa.TestCases.SearchProductTest" time="9.853" errors="0" timestamp="2024-12-14T15:49:50 IST" skipped="0">
  <testcase classname="com.oc.qa.TestCases.SearchProductTest" name="SearchproductTest" time="9.853"/>
</testsuite> <!-- com.oc.qa.TestCases.SearchProductTest -->
