<?xml version="1.0" encoding="UTF-8"?>
<!-- Generated by org.testng.reporters.JUnitReportReporter -->
<testsuite hostname="DESKTOP-R9M8R8C" failures="0" tests="5" name="com.oc.qa.TestCases.LoginTestDDT" time="50.260" errors="0" timestamp="2025-07-14T15:44:56 IST" skipped="0">
  <testcase classname="com.oc.qa.TestCases.LoginTestDDT" name="verify_loginDDT" time="13.613"/>
  <testcase classname="com.oc.qa.TestCases.LoginTestDDT" name="verify_loginDDT" time="4.532"/>
  <testcase classname="com.oc.qa.TestCases.LoginTestDDT" name="verify_loginDDT" time="4.389"/>
  <testcase classname="com.oc.qa.TestCases.LoginTestDDT" name="verify_loginDDT" time="13.601"/>
  <testcase classname="com.oc.qa.TestCases.LoginTestDDT" name="verify_loginDDT" time="14.125"/>
</testsuite> <!-- com.oc.qa.TestCases.LoginTestDDT -->
