<?xml version="1.0" encoding="UTF-8"?>
<!-- Generated by org.testng.reporters.JUnitReportReporter -->
<testsuite hostname="DESKTOP-R9M8R8C" failures="0" tests="1" name="com.oc.qa.TestCases.LoginTest" time="1.388" errors="0" timestamp="2024-12-11T23:17:23 IST" skipped="0">
  <testcase classname="com.oc.qa.TestCases.LoginTest" name="Acc_LoginTest" time="1.388"/>
</testsuite> <!-- com.oc.qa.TestCases.LoginTest -->
