<?xml version="1.0" encoding="UTF-8"?>
<!-- Generated by org.testng.reporters.JUnitReportReporter -->
<testsuite hostname="DESKTOP-R9M8R8C" failures="0" tests="1" name="com.oc.qa.TestCases.LoginTest" time="1.611" errors="0" timestamp="2024-12-12T23:14:48 IST" skipped="0">
  <testcase classname="com.oc.qa.TestCases.LoginTest" name="Acc_LoginTest" time="1.611"/>
</testsuite> <!-- com.oc.qa.TestCases.LoginTest -->
